
> hsop@0.1.0 build
> prisma generate && next build

Environment variables loaded from .env
Prisma schema loaded from prisma/schema.prisma

✔ Generated Prisma Client (v5.22.0) to ./node_modules/@prisma/client in 171ms

Start by importing your Prisma Client (See: https://pris.ly/d/importing-client)

Tip: Want to turn off tips and other hints? https://pris.ly/tip-4-nohints

▲ Next.js 16.1.6 (Turbopack)
- Environments: .env
- Experiments (use with caution):
  · serverActions

⚠ The "middleware" file convention is deprecated. Please use "proxy" instead. Learn more: https://nextjs.org/docs/messages/middleware-to-proxy
  Creating an optimized production build ...
Turbopack build encountered 4 warnings:
./src/app/actions/upload.ts:91:26
The file pattern ('/ROOT/public//uploads/' <dynamic> '/' <dynamic> '/' <dynamic> '-' <dynamic> | '/ROOT/public/uploads/' <dynamic> '/' <dynamic> '/' <dynamic> '-' <dynamic> | '/ROOT/public//uploads/' <dynamic> '/' <dynamic> '-' <dynamic> | '/ROOT/public/uploads/' <dynamic> '/' <dynamic> '-' <dynamic> | '/ROOT/public//uploads/' <dynamic> '/' <dynamic> '/' <dynamic> '-' <dynamic> '.jpg' | '/ROOT/public/uploads/' <dynamic> '/' <dynamic> '/' <dynamic> '-' <dynamic> '.jpg' | '/ROOT/public//uploads/' <dynamic> '/' <dynamic> '-' <dynamic> '.jpg' | '/ROOT/public/uploads/' <dynamic> '/' <dynamic> '-' <dynamic> '.jpg' | '/ROOT/public//uploads/' <dynamic> '/' <dynamic> '/' <dynamic> '-' <dynamic> '.png' | '/ROOT/public/uploads/' <dynamic> '/' <dynamic> '/' <dynamic> '-' <dynamic> '.png' | '/ROOT/public//uploads/' <dynamic> '/' <dynamic> '-' <dynamic> '.png' | '/ROOT/public/uploads/' <dynamic> '/' <dynamic> '-' <dynamic> '.png' | '/ROOT/public//uploads/' <dynamic> '/' <dynamic> '/' <dynamic> '-' <dynamic> '.webp' | '/ROOT/public/uploads/' <dynamic> '/' <dynamic> '/' <dynamic> '-' <dynamic> '.webp' | '/ROOT/public//uploads/' <dynamic> '/' <dynamic> '-' <dynamic> '.webp' | '/ROOT/public/uploads/' <dynamic> '/' <dynamic> '-' <dynamic> '.webp' | '/ROOT/public//uploads/' <dynamic> '/' <dynamic> '/' <dynamic> '-' <dynamic> '.gif' | '/ROOT/public/uploads/' <dynamic> '/' <dynamic> '/' <dynamic> '-' <dynamic> '.gif' | '/ROOT/public//uploads/' <dynamic> '/' <dynamic> '-' <dynamic> '.gif' | '/ROOT/public/uploads/' <dynamic> '/' <dynamic> '-' <dynamic> '.gif') matches 62824 files in [project]/
[0m [90m 89 |[39m         [90m// 4. Save File[39m
 [90m 90 |[39m         [36mawait[39m mkdir(uploadDir[33m,[39m { recursive[33m:[39m [36mtrue[39m })[33m;[39m
[31m[1m>[22m[39m[90m 91 |[39m         [36mconst[39m filePath [33m=[39m join(uploadDir[33m,[39m uniqueName)[33m;[39m
 [90m    |[39m                          [31m[1m^[22m[39m[31m[1m^[22m[39m[31m[1m^[22m[39m[31m[1m^[22m[39m[31m[1m^[22m[39m[31m[1m^[22m[39m[31m[1m^[22m[39m[31m[1m^[22m[39m[31m[1m^[22m[39m[31m[1m^[22m[39m[31m[1m^[22m[39m[31m[1m^[22m[39m[31m[1m^[22m[39m[31m[1m^[22m[39m[31m[1m^[22m[39m[31m[1m^[22m[39m[31m[1m^[22m[39m[31m[1m^[22m[39m[31m[1m^[22m[39m[31m[1m^[22m[39m[31m[1m^[22m[39m[31m[1m^[22m[39m[31m[1m^[22m[39m[31m[1m^[22m[39m[31m[1m^[22m[39m[31m[1m^[22m[39m[31m[1m^[22m[39m
 [90m 92 |[39m         [36mawait[39m writeFile(filePath[33m,[39m buffer)[33m;[39m
 [90m 93 |[39m
 [90m 94 |[39m         [36mconst[39m publicUrl [33m=[39m [32m`${relativeDir}/${uniqueName}`[39m[33m;[39m[0m

Overly broad patterns can lead to build performance issues and over bundling.


./src/app/actions/upload.ts:36:26
The file pattern ('/ROOT/public//uploads/' <dynamic> '/' <dynamic> '/' <dynamic> '-' <dynamic> | '/ROOT/public/uploads/' <dynamic> '/' <dynamic> '/' <dynamic> '-' <dynamic> | '/ROOT/public//uploads/' <dynamic> '/' <dynamic> '-' <dynamic> | '/ROOT/public/uploads/' <dynamic> '/' <dynamic> '-' <dynamic>) matches 62824 files in [project]/
[0m [90m 34 |[39m     [36mtry[39m {
 [90m 35 |[39m         [36mawait[39m mkdir(uploadDir[33m,[39m { recursive[33m:[39m [36mtrue[39m })[33m;[39m
[31m[1m>[22m[39m[90m 36 |[39m         [36mconst[39m filePath [33m=[39m join(uploadDir[33m,[39m uniqueName)[33m;[39m
 [90m    |[39m                          [31m[1m^[22m[39m[31m[1m^[22m[39m[31m[1m^[22m[39m[31m[1m^[22m[39m[31m[1m^[22m[39m[31m[1m^[22m[39m[31m[1m^[22m[39m[31m[1m^[22m[39m[31m[1m^[22m[39m[31m[1m^[22m[39m[31m[1m^[22m[39m[31m[1m^[22m[39m[31m[1m^[22m[39m[31m[1m^[22m[39m[31m[1m^[22m[39m[31m[1m^[22m[39m[31m[1m^[22m[39m[31m[1m^[22m[39m[31m[1m^[22m[39m[31m[1m^[22m[39m[31m[1m^[22m[39m[31m[1m^[22m[39m[31m[1m^[22m[39m[31m[1m^[22m[39m[31m[1m^[22m[39m[31m[1m^[22m[39m[31m[1m^[22m[39m
 [90m 37 |[39m         console[33m.[39mlog([32m`Writing file to: ${filePath}`[39m)[33m;[39m
 [90m 38 |[39m         [36mawait[39m writeFile(filePath[33m,[39m buffer)[33m;[39m
 [90m 39 |[39m[0m

Overly broad patterns can lead to build performance issues and over bundling.


./src/app/actions/upload.ts:30:23
The file pattern ('/ROOT/public//uploads/' <dynamic> '/' <dynamic> | '/ROOT/public/uploads/' <dynamic> '/' <dynamic>) matches 62824 files in [project]/
[0m [90m 28 |[39m
 [90m 29 |[39m     [36mconst[39m relativeDir [33m=[39m [32m`/uploads/${year}/${month}`[39m[33m;[39m
[31m[1m>[22m[39m[90m 30 |[39m     [36mconst[39m uploadDir [33m=[39m join(process[33m.[39mcwd()[33m,[39m [32m"public"[39m[33m,[39m relativeDir)[33m;[39m
 [90m    |[39m                       [31m[1m^[22m[39m[31m[1m^[22m[39m[31m[1m^[22m[39m[31m[1m^[22m[39m[31m[1m^[22m[39m[31m[1m^[22m[39m[31m[1m^[22m[39m[31m[1m^[22m[39m[31m[1m^[22m[39m[31m[1m^[22m[39m[31m[1m^[22m[39m[31m[1m^[22m[39m[31m[1m^[22m[39m[31m[1m^[22m[39m[31m[1m^[22m[39m[31m[1m^[22m[39m[31m[1m^[22m[39m[31m[1m^[22m[39m[31m[1m^[22m[39m[31m[1m^[22m[39m[31m[1m^[22m[39m[31m[1m^[22m[39m[31m[1m^[22m[39m[31m[1m^[22m[39m[31m[1m^[22m[39m[31m[1m^[22m[39m[31m[1m^[22m[39m[31m[1m^[22m[39m[31m[1m^[22m[39m[31m[1m^[22m[39m[31m[1m^[22m[39m[31m[1m^[22m[39m[31m[1m^[22m[39m[31m[1m^[22m[39m[31m[1m^[22m[39m[31m[1m^[22m[39m[31m[1m^[22m[39m[31m[1m^[22m[39m[31m[1m^[22m[39m[31m[1m^[22m[39m[31m[1m^[22m[39m[31m[1m^[22m[39m
 [90m 31 |[39m
 [90m 32 |[39m     console[33m.[39mlog([32m`Target directory: ${uploadDir}`[39m)[33m;[39m
 [90m 33 |[39m[0m

Overly broad patterns can lead to build performance issues and over bundling.


./src/app/actions/upload.ts:87:27
The file pattern ('/ROOT/public//uploads/' <dynamic> '/' <dynamic> | '/ROOT/public/uploads/' <dynamic> '/' <dynamic>) matches 62824 files in [project]/
[0m [90m 85 |[39m
 [90m 86 |[39m         [36mconst[39m relativeDir [33m=[39m [32m`/uploads/${year}/${month}`[39m[33m;[39m
[31m[1m>[22m[39m[90m 87 |[39m         [36mconst[39m uploadDir [33m=[39m join(process[33m.[39mcwd()[33m,[39m [32m"public"[39m[33m,[39m relativeDir)[33m;[39m
 [90m    |[39m                           [31m[1m^[22m[39m[31m[1m^[22m[39m[31m[1m^[22m[39m[31m[1m^[22m[39m[31m[1m^[22m[39m[31m[1m^[22m[39m[31m[1m^[22m[39m[31m[1m^[22m[39m[31m[1m^[22m[39m[31m[1m^[22m[39m[31m[1m^[22m[39m[31m[1m^[22m[39m[31m[1m^[22m[39m[31m[1m^[22m[39m[31m[1m^[22m[39m[31m[1m^[22m[39m[31m[1m^[22m[39m[31m[1m^[22m[39m[31m[1m^[22m[39m[31m[1m^[22m[39m[31m[1m^[22m[39m[31m[1m^[22m[39m[31m[1m^[22m[39m[31m[1m^[22m[39m[31m[1m^[22m[39m[31m[1m^[22m[39m[31m[1m^[22m[39m[31m[1m^[22m[39m[31m[1m^[22m[39m[31m[1m^[22m[39m[31m[1m^[22m[39m[31m[1m^[22m[39m[31m[1m^[22m[39m[31m[1m^[22m[39m[31m[1m^[22m[39m[31m[1m^[22m[39m[31m[1m^[22m[39m[31m[1m^[22m[39m[31m[1m^[22m[39m[31m[1m^[22m[39m[31m[1m^[22m[39m[31m[1m^[22m[39m
 [90m 88 |[39m
 [90m 89 |[39m         [90m// 4. Save File[39m
 [90m 90 |[39m         [36mawait[39m mkdir(uploadDir[33m,[39m { recursive[33m:[39m [36mtrue[39m })[33m;[39m[0m

Overly broad patterns can lead to build performance issues and over bundling.



> Build error occurred
Error: Turbopack build failed with 6 errors:
./src/components/admin/CustomerDeleteButton.tsx:7:1
Export deleteCustomerAction doesn't exist in target module
[0m [90m  5 |[39m [36mimport[39m { [33mTrash2[39m[33m,[39m [33mLoader2[39m } [36mfrom[39m [32m"lucide-react"[39m[33m;[39m
 [90m  6 |[39m [36mimport[39m { [33mModernConfirm[39m } [36mfrom[39m [32m"@/components/ui/modern-confirm"[39m[33m;[39m
[31m[1m>[22m[39m[90m  7 |[39m [36mimport[39m { deleteCustomerAction } [36mfrom[39m [32m"@/app/actions/customer"[39m[33m;[39m
 [90m    |[39m [31m[1m^[22m[39m[31m[1m^[22m[39m[31m[1m^[22m[39m[31m[1m^[22m[39m[31m[1m^[22m[39m[31m[1m^[22m[39m[31m[1m^[22m[39m[31m[1m^[22m[39m[31m[1m^[22m[39m[31m[1m^[22m[39m[31m[1m^[22m[39m[31m[1m^[22m[39m[31m[1m^[22m[39m[31m[1m^[22m[39m[31m[1m^[22m[39m[31m[1m^[22m[39m[31m[1m^[22m[39m[31m[1m^[22m[39m[31m[1m^[22m[39m[31m[1m^[22m[39m[31m[1m^[22m[39m[31m[1m^[22m[39m[31m[1m^[22m[39m[31m[1m^[22m[39m[31m[1m^[22m[39m[31m[1m^[22m[39m[31m[1m^[22m[39m[31m[1m^[22m[39m[31m[1m^[22m[39m[31m[1m^[22m[39m[31m[1m^[22m[39m[31m[1m^[22m[39m[31m[1m^[22m[39m[31m[1m^[22m[39m[31m[1m^[22m[39m[31m[1m^[22m[39m[31m[1m^[22m[39m[31m[1m^[22m[39m[31m[1m^[22m[39m[31m[1m^[22m[39m[31m[1m^[22m[39m[31m[1m^[22m[39m[31m[1m^[22m[39m[31m[1m^[22m[39m[31m[1m^[22m[39m[31m[1m^[22m[39m[31m[1m^[22m[39m[31m[1m^[22m[39m[31m[1m^[22m[39m[31m[1m^[22m[39m[31m[1m^[22m[39m[31m[1m^[22m[39m[31m[1m^[22m[39m[31m[1m^[22m[39m[31m[1m^[22m[39m[31m[1m^[22m[39m[31m[1m^[22m[39m[31m[1m^[22m[39m[31m[1m^[22m[39m[31m[1m^[22m[39m[31m[1m^[22m[39m[31m[1m^[22m[39m
 [90m  8 |[39m [36mimport[39m { toast } [36mfrom[39m [32m"sonner"[39m[33m;[39m
 [90m  9 |[39m [36mimport[39m { useRouter } [36mfrom[39m [32m"next/navigation"[39m[33m;[39m
 [90m 10 |[39m[0m

The export deleteCustomerAction was not found in module [project]/src/app/actions/customer.ts [app-client] (ecmascript).
Did you mean to import updateCustomerAvatarAction?
All exports of the module are statically known (It doesn't have dynamic exports). So it's known statically that the requested export doesn't exist.

Import trace:
  Server Component:
    ./src/components/admin/CustomerDeleteButton.tsx
    ./src/app/admin/customers/%5Bid%5D/page.tsx


./src/components/admin/CustomerDeleteButton.tsx:7:1
Export deleteCustomerAction doesn't exist in target module
[0m [90m  5 |[39m [36mimport[39m { [33mTrash2[39m[33m,[39m [33mLoader2[39m } [36mfrom[39m [32m"lucide-react"[39m[33m;[39m
 [90m  6 |[39m [36mimport[39m { [33mModernConfirm[39m } [36mfrom[39m [32m"@/components/ui/modern-confirm"[39m[33m;[39m
[31m[1m>[22m[39m[90m  7 |[39m [36mimport[39m { deleteCustomerAction } [36mfrom[39m [32m"@/app/actions/customer"[39m[33m;[39m
 [90m    |[39m [31m[1m^[22m[39m[31m[1m^[22m[39m[31m[1m^[22m[39m[31m[1m^[22m[39m[31m[1m^[22m[39m[31m[1m^[22m[39m[31m[1m^[22m[39m[31m[1m^[22m[39m[31m[1m^[22m[39m[31m[1m^[22m[39m[31m[1m^[22m[39m[31m[1m^[22m[39m[31m[1m^[22m[39m[31m[1m^[22m[39m[31m[1m^[22m[39m[31m[1m^[22m[39m[31m[1m^[22m[39m[31m[1m^[22m[39m[31m[1m^[22m[39m[31m[1m^[22m[39m[31m[1m^[22m[39m[31m[1m^[22m[39m[31m[1m^[22m[39m[31m[1m^[22m[39m[31m[1m^[22m[39m[31m[1m^[22m[39m[31m[1m^[22m[39m[31m[1m^[22m[39m[31m[1m^[22m[39m[31m[1m^[22m[39m[31m[1m^[22m[39m[31m[1m^[22m[39m[31m[1m^[22m[39m[31m[1m^[22m[39m[31m[1m^[22m[39m[31m[1m^[22m[39m[31m[1m^[22m[39m[31m[1m^[22m[39m[31m[1m^[22m[39m[31m[1m^[22m[39m[31m[1m^[22m[39m[31m[1m^[22m[39m[31m[1m^[22m[39m[31m[1m^[22m[39m[31m[1m^[22m[39m[31m[1m^[22m[39m[31m[1m^[22m[39m[31m[1m^[22m[39m[31m[1m^[22m[39m[31m[1m^[22m[39m[31m[1m^[22m[39m[31m[1m^[22m[39m[31m[1m^[22m[39m[31m[1m^[22m[39m[31m[1m^[22m[39m[31m[1m^[22m[39m[31m[1m^[22m[39m[31m[1m^[22m[39m[31m[1m^[22m[39m[31m[1m^[22m[39m[31m[1m^[22m[39m[31m[1m^[22m[39m
 [90m  8 |[39m [36mimport[39m { toast } [36mfrom[39m [32m"sonner"[39m[33m;[39m
 [90m  9 |[39m [36mimport[39m { useRouter } [36mfrom[39m [32m"next/navigation"[39m[33m;[39m
 [90m 10 |[39m[0m

The export deleteCustomerAction was not found in module [project]/src/app/actions/customer.ts [app-ssr] (ecmascript).
Did you mean to import updateCustomerAvatarAction?
All exports of the module are statically known (It doesn't have dynamic exports). So it's known statically that the requested export doesn't exist.

Import trace:
  Server Component:
    ./src/components/admin/CustomerDeleteButton.tsx
    ./src/app/admin/customers/%5Bid%5D/page.tsx


./src/app/dashboard/notifikasi/page.tsx:23:1
Export deleteNotification doesn't exist in target module
[0m [90m 21 |[39m     [33mInfo[39m
 [90m 22 |[39m } [36mfrom[39m [32m"lucide-react"[39m[33m;[39m
[31m[1m>[22m[39m[90m 23 |[39m [36mimport[39m {
 [90m    |[39m [31m[1m^[22m[39m[31m[1m^[22m[39m[31m[1m^[22m[39m[31m[1m^[22m[39m[31m[1m^[22m[39m[31m[1m^[22m[39m[31m[1m^[22m[39m[31m[1m^[22m[39m
[31m[1m>[22m[39m[90m 24 |[39m     markAllNotificationsAsRead[33m,[39m
 [90m    |[39m [31m[1m^[22m[39m[31m[1m^[22m[39m[31m[1m^[22m[39m[31m[1m^[22m[39m[31m[1m^[22m[39m[31m[1m^[22m[39m[31m[1m^[22m[39m[31m[1m^[22m[39m[31m[1m^[22m[39m[31m[1m^[22m[39m[31m[1m^[22m[39m[31m[1m^[22m[39m[31m[1m^[22m[39m[31m[1m^[22m[39m[31m[1m^[22m[39m[31m[1m^[22m[39m[31m[1m^[22m[39m[31m[1m^[22m[39m[31m[1m^[22m[39m[31m[1m^[22m[39m[31m[1m^[22m[39m[31m[1m^[22m[39m[31m[1m^[22m[39m[31m[1m^[22m[39m[31m[1m^[22m[39m[31m[1m^[22m[39m[31m[1m^[22m[39m[31m[1m^[22m[39m[31m[1m^[22m[39m[31m[1m^[22m[39m[31m[1m^[22m[39m
[31m[1m>[22m[39m[90m 25 |[39m     deleteNotification
 [90m    |[39m [31m[1m^[22m[39m[31m[1m^[22m[39m[31m[1m^[22m[39m[31m[1m^[22m[39m[31m[1m^[22m[39m[31m[1m^[22m[39m[31m[1m^[22m[39m[31m[1m^[22m[39m[31m[1m^[22m[39m[31m[1m^[22m[39m[31m[1m^[22m[39m[31m[1m^[22m[39m[31m[1m^[22m[39m[31m[1m^[22m[39m[31m[1m^[22m[39m[31m[1m^[22m[39m[31m[1m^[22m[39m[31m[1m^[22m[39m[31m[1m^[22m[39m[31m[1m^[22m[39m[31m[1m^[22m[39m[31m[1m^[22m[39m[31m[1m^[22m[39m[31m[1m^[22m[39m[31m[1m^[22m[39m[31m[1m^[22m[39m[31m[1m^[22m[39m[31m[1m^[22m[39m[31m[1m^[22m[39m[31m[1m^[22m[39m[31m[1m^[22m[39m
[31m[1m>[22m[39m[90m 26 |[39m } [36mfrom[39m [32m"@/app/actions/notification"[39m[33m;[39m
 [90m    |[39m [31m[1m^[22m[39m[31m[1m^[22m[39m[31m[1m^[22m[39m[31m[1m^[22m[39m[31m[1m^[22m[39m[31m[1m^[22m[39m[31m[1m^[22m[39m[31m[1m^[22m[39m[31m[1m^[22m[39m[31m[1m^[22m[39m[31m[1m^[22m[39m[31m[1m^[22m[39m[31m[1m^[22m[39m[31m[1m^[22m[39m[31m[1m^[22m[39m[31m[1m^[22m[39m[31m[1m^[22m[39m[31m[1m^[22m[39m[31m[1m^[22m[39m[31m[1m^[22m[39m[31m[1m^[22m[39m[31m[1m^[22m[39m[31m[1m^[22m[39m[31m[1m^[22m[39m[31m[1m^[22m[39m[31m[1m^[22m[39m[31m[1m^[22m[39m[31m[1m^[22m[39m[31m[1m^[22m[39m[31m[1m^[22m[39m[31m[1m^[22m[39m[31m[1m^[22m[39m[31m[1m^[22m[39m[31m[1m^[22m[39m[31m[1m^[22m[39m[31m[1m^[22m[39m[31m[1m^[22m[39m
 [90m 27 |[39m [36mimport[39m { format } [36mfrom[39m [32m"date-fns"[39m[33m;[39m
 [90m 28 |[39m [36mimport[39m { id [36mas[39m idLocale } [36mfrom[39m [32m"date-fns/locale"[39m[33m;[39m
 [90m 29 |[39m [36mimport[39m { toast } [36mfrom[39m [32m"sonner"[39m[33m;[39m[0m

The export deleteNotification was not found in module [project]/src/app/actions/notification.ts [app-client] (ecmascript).
Did you mean to import getUserNotifications?
All exports of the module are statically known (It doesn't have dynamic exports). So it's known statically that the requested export doesn't exist.

Import traces:
  Client Component Browser:
    ./src/app/dashboard/notifikasi/page.tsx [Client Component Browser]
    ./src/app/dashboard/notifikasi/page.tsx [Server Component]

  Client Component SSR:
    ./src/app/dashboard/notifikasi/page.tsx [Client Component SSR]
    ./src/app/dashboard/notifikasi/page.tsx [Server Component]


./src/app/dashboard/notifikasi/page.tsx:23:1
Export deleteNotification doesn't exist in target module
[0m [90m 21 |[39m     [33mInfo[39m
 [90m 22 |[39m } [36mfrom[39m [32m"lucide-react"[39m[33m;[39m
[31m[1m>[22m[39m[90m 23 |[39m [36mimport[39m {
 [90m    |[39m [31m[1m^[22m[39m[31m[1m^[22m[39m[31m[1m^[22m[39m[31m[1m^[22m[39m[31m[1m^[22m[39m[31m[1m^[22m[39m[31m[1m^[22m[39m[31m[1m^[22m[39m
[31m[1m>[22m[39m[90m 24 |[39m     markAllNotificationsAsRead[33m,[39m
 [90m    |[39m [31m[1m^[22m[39m[31m[1m^[22m[39m[31m[1m^[22m[39m[31m[1m^[22m[39m[31m[1m^[22m[39m[31m[1m^[22m[39m[31m[1m^[22m[39m[31m[1m^[22m[39m[31m[1m^[22m[39m[31m[1m^[22m[39m[31m[1m^[22m[39m[31m[1m^[22m[39m[31m[1m^[22m[39m[31m[1m^[22m[39m[31m[1m^[22m[39m[31m[1m^[22m[39m[31m[1m^[22m[39m[31m[1m^[22m[39m[31m[1m^[22m[39m[31m[1m^[22m[39m[31m[1m^[22m[39m[31m[1m^[22m[39m[31m[1m^[22m[39m[31m[1m^[22m[39m[31m[1m^[22m[39m[31m[1m^[22m[39m[31m[1m^[22m[39m[31m[1m^[22m[39m[31m[1m^[22m[39m[31m[1m^[22m[39m[31m[1m^[22m[39m
[31m[1m>[22m[39m[90m 25 |[39m     deleteNotification
 [90m    |[39m [31m[1m^[22m[39m[31m[1m^[22m[39m[31m[1m^[22m[39m[31m[1m^[22m[39m[31m[1m^[22m[39m[31m[1m^[22m[39m[31m[1m^[22m[39m[31m[1m^[22m[39m[31m[1m^[22m[39m[31m[1m^[22m[39m[31m[1m^[22m[39m[31m[1m^[22m[39m[31m[1m^[22m[39m[31m[1m^[22m[39m[31m[1m^[22m[39m[31m[1m^[22m[39m[31m[1m^[22m[39m[31m[1m^[22m[39m[31m[1m^[22m[39m[31m[1m^[22m[39m[31m[1m^[22m[39m[31m[1m^[22m[39m[31m[1m^[22m[39m[31m[1m^[22m[39m[31m[1m^[22m[39m[31m[1m^[22m[39m[31m[1m^[22m[39m[31m[1m^[22m[39m[31m[1m^[22m[39m[31m[1m^[22m[39m[31m[1m^[22m[39m
[31m[1m>[22m[39m[90m 26 |[39m } [36mfrom[39m [32m"@/app/actions/notification"[39m[33m;[39m
 [90m    |[39m [31m[1m^[22m[39m[31m[1m^[22m[39m[31m[1m^[22m[39m[31m[1m^[22m[39m[31m[1m^[22m[39m[31m[1m^[22m[39m[31m[1m^[22m[39m[31m[1m^[22m[39m[31m[1m^[22m[39m[31m[1m^[22m[39m[31m[1m^[22m[39m[31m[1m^[22m[39m[31m[1m^[22m[39m[31m[1m^[22m[39m[31m[1m^[22m[39m[31m[1m^[22m[39m[31m[1m^[22m[39m[31m[1m^[22m[39m[31m[1m^[22m[39m[31m[1m^[22m[39m[31m[1m^[22m[39m[31m[1m^[22m[39m[31m[1m^[22m[39m[31m[1m^[22m[39m[31m[1m^[22m[39m[31m[1m^[22m[39m[31m[1m^[22m[39m[31m[1m^[22m[39m[31m[1m^[22m[39m[31m[1m^[22m[39m[31m[1m^[22m[39m[31m[1m^[22m[39m[31m[1m^[22m[39m[31m[1m^[22m[39m[31m[1m^[22m[39m[31m[1m^[22m[39m[31m[1m^[22m[39m
 [90m 27 |[39m [36mimport[39m { format } [36mfrom[39m [32m"date-fns"[39m[33m;[39m
 [90m 28 |[39m [36mimport[39m { id [36mas[39m idLocale } [36mfrom[39m [32m"date-fns/locale"[39m[33m;[39m
 [90m 29 |[39m [36mimport[39m { toast } [36mfrom[39m [32m"sonner"[39m[33m;[39m[0m

The export deleteNotification was not found in module [project]/src/app/actions/notification.ts [app-ssr] (ecmascript).
Did you mean to import getUserNotifications?
All exports of the module are statically known (It doesn't have dynamic exports). So it's known statically that the requested export doesn't exist.

Import traces:
  Client Component Browser:
    ./src/app/dashboard/notifikasi/page.tsx [Client Component Browser]
    ./src/app/dashboard/notifikasi/page.tsx [Server Component]

  Client Component SSR:
    ./src/app/dashboard/notifikasi/page.tsx [Client Component SSR]
    ./src/app/dashboard/notifikasi/page.tsx [Server Component]


./src/components/admin/CustomerBasicInfo.tsx:21:1
Export upgradeCustomerType doesn't exist in target module
[0m [90m 19 |[39m [36mimport[39m { [33mTextarea[39m } [36mfrom[39m [32m"@/components/ui/textarea"[39m[33m;[39m
 [90m 20 |[39m [36mimport[39m { useTransition } [36mfrom[39m [32m"react"[39m[33m;[39m
[31m[1m>[22m[39m[90m 21 |[39m [36mimport[39m { upgradeCustomerType } [36mfrom[39m [32m"@/app/actions/customer"[39m[33m;[39m
 [90m    |[39m [31m[1m^[22m[39m[31m[1m^[22m[39m[31m[1m^[22m[39m[31m[1m^[22m[39m[31m[1m^[22m[39m[31m[1m^[22m[39m[31m[1m^[22m[39m[31m[1m^[22m[39m[31m[1m^[22m[39m[31m[1m^[22m[39m[31m[1m^[22m[39m[31m[1m^[22m[39m[31m[1m^[22m[39m[31m[1m^[22m[39m[31m[1m^[22m[39m[31m[1m^[22m[39m[31m[1m^[22m[39m[31m[1m^[22m[39m[31m[1m^[22m[39m[31m[1m^[22m[39m[31m[1m^[22m[39m[31m[1m^[22m[39m[31m[1m^[22m[39m[31m[1m^[22m[39m[31m[1m^[22m[39m[31m[1m^[22m[39m[31m[1m^[22m[39m[31m[1m^[22m[39m[31m[1m^[22m[39m[31m[1m^[22m[39m[31m[1m^[22m[39m[31m[1m^[22m[39m[31m[1m^[22m[39m[31m[1m^[22m[39m[31m[1m^[22m[39m[31m[1m^[22m[39m[31m[1m^[22m[39m[31m[1m^[22m[39m[31m[1m^[22m[39m[31m[1m^[22m[39m[31m[1m^[22m[39m[31m[1m^[22m[39m[31m[1m^[22m[39m[31m[1m^[22m[39m[31m[1m^[22m[39m[31m[1m^[22m[39m[31m[1m^[22m[39m[31m[1m^[22m[39m[31m[1m^[22m[39m[31m[1m^[22m[39m[31m[1m^[22m[39m[31m[1m^[22m[39m[31m[1m^[22m[39m[31m[1m^[22m[39m[31m[1m^[22m[39m[31m[1m^[22m[39m[31m[1m^[22m[39m[31m[1m^[22m[39m[31m[1m^[22m[39m[31m[1m^[22m[39m[31m[1m^[22m[39m
 [90m 22 |[39m
 [90m 23 |[39m [36minterface[39m [33mCustomerBasicInfoProps[39m {
 [90m 24 |[39m     customer[33m:[39m {[0m

The export upgradeCustomerType was not found in module [project]/src/app/actions/customer.ts [app-client] (ecmascript).
Did you mean to import upgradeCustomerAction?
All exports of the module are statically known (It doesn't have dynamic exports). So it's known statically that the requested export doesn't exist.

Import trace:
  Server Component:
    ./src/components/admin/CustomerBasicInfo.tsx
    ./src/app/admin/customers/%5Bid%5D/page.tsx


./src/components/admin/CustomerBasicInfo.tsx:21:1
Export upgradeCustomerType doesn't exist in target module
[0m [90m 19 |[39m [36mimport[39m { [33mTextarea[39m } [36mfrom[39m [32m"@/components/ui/textarea"[39m[33m;[39m
 [90m 20 |[39m [36mimport[39m { useTransition } [36mfrom[39m [32m"react"[39m[33m;[39m
[31m[1m>[22m[39m[90m 21 |[39m [36mimport[39m { upgradeCustomerType } [36mfrom[39m [32m"@/app/actions/customer"[39m[33m;[39m
 [90m    |[39m [31m[1m^[22m[39m[31m[1m^[22m[39m[31m[1m^[22m[39m[31m[1m^[22m[39m[31m[1m^[22m[39m[31m[1m^[22m[39m[31m[1m^[22m[39m[31m[1m^[22m[39m[31m[1m^[22m[39m[31m[1m^[22m[39m[31m[1m^[22m[39m[31m[1m^[22m[39m[31m[1m^[22m[39m[31m[1m^[22m[39m[31m[1m^[22m[39m[31m[1m^[22m[39m[31m[1m^[22m[39m[31m[1m^[22m[39m[31m[1m^[22m[39m[31m[1m^[22m[39m[31m[1m^[22m[39m[31m[1m^[22m[39m[31m[1m^[22m[39m[31m[1m^[22m[39m[31m[1m^[22m[39m[31m[1m^[22m[39m[31m[1m^[22m[39m[31m[1m^[22m[39m[31m[1m^[22m[39m[31m[1m^[22m[39m[31m[1m^[22m[39m[31m[1m^[22m[39m[31m[1m^[22m[39m[31m[1m^[22m[39m[31m[1m^[22m[39m[31m[1m^[22m[39m[31m[1m^[22m[39m[31m[1m^[22m[39m[31m[1m^[22m[39m[31m[1m^[22m[39m[31m[1m^[22m[39m[31m[1m^[22m[39m[31m[1m^[22m[39m[31m[1m^[22m[39m[31m[1m^[22m[39m[31m[1m^[22m[39m[31m[1m^[22m[39m[31m[1m^[22m[39m[31m[1m^[22m[39m[31m[1m^[22m[39m[31m[1m^[22m[39m[31m[1m^[22m[39m[31m[1m^[22m[39m[31m[1m^[22m[39m[31m[1m^[22m[39m[31m[1m^[22m[39m[31m[1m^[22m[39m[31m[1m^[22m[39m[31m[1m^[22m[39m[31m[1m^[22m[39m[31m[1m^[22m[39m
 [90m 22 |[39m
 [90m 23 |[39m [36minterface[39m [33mCustomerBasicInfoProps[39m {
 [90m 24 |[39m     customer[33m:[39m {[0m

The export upgradeCustomerType was not found in module [project]/src/app/actions/customer.ts [app-ssr] (ecmascript).
Did you mean to import upgradeCustomerAction?
All exports of the module are statically known (It doesn't have dynamic exports). So it's known statically that the requested export doesn't exist.

Import trace:
  Server Component:
    ./src/components/admin/CustomerBasicInfo.tsx
    ./src/app/admin/customers/%5Bid%5D/page.tsx


    at <unknown> (./src/components/admin/CustomerDeleteButton.tsx:7:1)
    at <unknown> (./src/components/admin/CustomerDeleteButton.tsx:7:1)
    at <unknown> (./src/app/dashboard/notifikasi/page.tsx:23:1)
    at <unknown> (./src/app/dashboard/notifikasi/page.tsx:23:1)
    at <unknown> (./src/components/admin/CustomerBasicInfo.tsx:21:1)
    at <unknown> (./src/components/admin/CustomerBasicInfo.tsx:21:1)
