.next/dev/types/validator.ts(909,31): error TS2344: Type 'typeof import("/Users/davidtheo/Documents/Workspace/Hokiindo/hsop/src/app/api/pdf/%5Btype%5D/%5Bid%5D/route")' does not satisfy the constraint 'RouteHandlerConfig<"/api/pdf/%5Btype%5D/%5Bid%5D">'.
  Types of property 'GET' are incompatible.
    Type '(req: NextRequest, { params }: { params: Promise<{ type: string; id: string; }>; }) => Promise<NextResponse<unknown>>' is not assignable to type '(request: NextRequest, context: { params: Promise<{}>; }) => void | Response | Promise<void | Response>'.
      Types of parameters '__1' and 'context' are incompatible.
        Type '{ params: Promise<{}>; }' is not assignable to type '{ params: Promise<{ type: string; id: string; }>; }'.
          Types of property 'params' are incompatible.
            Type 'Promise<{}>' is not assignable to type 'Promise<{ type: string; id: string; }>'.
              Type '{}' is missing the following properties from type '{ type: string; id: string; }': type, id
.next/types/validator.ts(909,31): error TS2344: Type 'typeof import("/Users/davidtheo/Documents/Workspace/Hokiindo/hsop/src/app/api/pdf/%5Btype%5D/%5Bid%5D/route")' does not satisfy the constraint 'RouteHandlerConfig<"/api/pdf/%5Btype%5D/%5Bid%5D">'.
  Types of property 'GET' are incompatible.
    Type '(req: NextRequest, { params }: { params: Promise<{ type: string; id: string; }>; }) => Promise<NextResponse<unknown>>' is not assignable to type '(request: NextRequest, context: { params: Promise<{}>; }) => void | Response | Promise<void | Response>'.
      Types of parameters '__1' and 'context' are incompatible.
        Type '{ params: Promise<{}>; }' is not assignable to type '{ params: Promise<{ type: string; id: string; }>; }'.
          Types of property 'params' are incompatible.
            Type 'Promise<{}>' is not assignable to type 'Promise<{ type: string; id: string; }>'.
              Type '{}' is missing the following properties from type '{ type: string; id: string; }': type, id
prisma.config.ts(4,30): error TS2307: Cannot find module 'prisma/config' or its corresponding type declarations.
src/app/actions/rfq-flow.ts(319,17): error TS2353: Object literal may only specify known properties, and 'returnStatus' does not exist in type '(Without<SalesQuotationUpdateInput, SalesQuotationUncheckedUpdateInput> & SalesQuotationUncheckedUpdateInput) | (Without<...> & SalesQuotationUpdateInput)'.
src/app/admin/customers/[id]/page.tsx(72,25): error TS2741: Property 'users' is missing in type '{ id: string; name: string; email: string | null; phone: string | null; address: string | null; businessCategory: string | null; type: string; image: string | null; addresses: { id: string; ... 7 more ...; isPrimary: boolean; }[]; company: string | null; }' but required in type '{ id: string; email: string | null; phone: string | null; address: string | null; businessCategory: string | null; type: string; addresses: any[]; name: string; company: string | null; image: string | null; users: { ...; }[]; }'.
src/app/admin/customers/page.tsx(162,103): error TS2322: Type '{ title: string; field: string; className: string; }' is not assignable to type 'IntrinsicAttributes & SortHeaderProps'.
  Property 'className' does not exist on type 'IntrinsicAttributes & SortHeaderProps'.
src/app/admin/customers/page.tsx(163,102): error TS2322: Type '{ title: string; field: string; className: string; }' is not assignable to type 'IntrinsicAttributes & SortHeaderProps'.
  Property 'className' does not exist on type 'IntrinsicAttributes & SortHeaderProps'.
src/app/admin/customers/page.tsx(164,97): error TS2322: Type '{ title: string; field: string; className: string; }' is not assignable to type 'IntrinsicAttributes & SortHeaderProps'.
  Property 'className' does not exist on type 'IntrinsicAttributes & SortHeaderProps'.
src/app/admin/customers/page.tsx(166,107): error TS2322: Type '{ title: string; field: string; className: string; }' is not assignable to type 'IntrinsicAttributes & SortHeaderProps'.
  Property 'className' does not exist on type 'IntrinsicAttributes & SortHeaderProps'.
src/app/admin/products/default-discounts/page.tsx(88,29): error TS2322: Type '{ key: string; groupKey: string; groupLabel: string; defaultDesc: string; initialData: { id: string; updatedAt: Date; description: string | null; categoryGroup: string; stockDiscount: string; indentDiscount: string; } | undefined; accent: { ...; }; }' is not assignable to type 'IntrinsicAttributes & DiscountRuleFormProps'.
  Property 'accent' does not exist on type 'IntrinsicAttributes & DiscountRuleFormProps'.
src/app/admin/sales/quotations/%5Bid%5D/page.tsx(186,19): error TS2339: Property 'accurateHsqId' does not exist on type '{ id: string; quotationNo: string; email: string; phone: string; userId: string | null; customerId: string | null; status: string; totalAmount: number; notes: string | null; adminNotes: string | null; ... 6 more ...; items: { ...; }[]; }'.
src/app/admin/sales/quotations/%5Bid%5D/page.tsx(186,57): error TS2339: Property 'accurateHsqId' does not exist on type '{ id: string; quotationNo: string; email: string; phone: string; userId: string | null; customerId: string | null; status: string; totalAmount: number; notes: string | null; adminNotes: string | null; ... 6 more ...; items: { ...; }[]; }'.
src/app/admin/sales/quotations/%5Bid%5D/page.tsx(186,78): error TS2339: Property 'accurateHsqNo' does not exist on type '{ id: string; quotationNo: string; email: string; phone: string; userId: string | null; customerId: string | null; status: string; totalAmount: number; notes: string | null; adminNotes: string | null; ... 6 more ...; items: { ...; }[]; }'.
src/app/admin/sales/quotations/%5Bid%5D/page.tsx(187,19): error TS2339: Property 'accurateHsoId' does not exist on type '{ id: string; quotationNo: string; email: string; phone: string; userId: string | null; customerId: string | null; status: string; totalAmount: number; notes: string | null; adminNotes: string | null; ... 6 more ...; items: { ...; }[]; }'.
src/app/admin/sales/quotations/%5Bid%5D/page.tsx(187,57): error TS2339: Property 'accurateHsoId' does not exist on type '{ id: string; quotationNo: string; email: string; phone: string; userId: string | null; customerId: string | null; status: string; totalAmount: number; notes: string | null; adminNotes: string | null; ... 6 more ...; items: { ...; }[]; }'.
src/app/admin/sales/quotations/%5Bid%5D/page.tsx(187,78): error TS2339: Property 'accurateHsoNo' does not exist on type '{ id: string; quotationNo: string; email: string; phone: string; userId: string | null; customerId: string | null; status: string; totalAmount: number; notes: string | null; adminNotes: string | null; ... 6 more ...; items: { ...; }[]; }'.
src/app/admin/sales/quotations/%5Bid%5D/page.tsx(188,19): error TS2339: Property 'accurateDoId' does not exist on type '{ id: string; quotationNo: string; email: string; phone: string; userId: string | null; customerId: string | null; status: string; totalAmount: number; notes: string | null; adminNotes: string | null; ... 6 more ...; items: { ...; }[]; }'.
src/app/admin/sales/quotations/%5Bid%5D/page.tsx(188,55): error TS2339: Property 'accurateDoId' does not exist on type '{ id: string; quotationNo: string; email: string; phone: string; userId: string | null; customerId: string | null; status: string; totalAmount: number; notes: string | null; adminNotes: string | null; ... 6 more ...; items: { ...; }[]; }'.
src/app/admin/sales/quotations/%5Bid%5D/page.tsx(188,75): error TS2339: Property 'accurateDoNo' does not exist on type '{ id: string; quotationNo: string; email: string; phone: string; userId: string | null; customerId: string | null; status: string; totalAmount: number; notes: string | null; adminNotes: string | null; ... 6 more ...; items: { ...; }[]; }'.
src/app/admin/sales/quotations/%5Bid%5D/page.tsx(190,19): error TS2339: Property 'shippingProofPath' does not exist on type '{ id: string; quotationNo: string; email: string; phone: string; userId: string | null; customerId: string | null; status: string; totalAmount: number; notes: string | null; adminNotes: string | null; ... 6 more ...; items: { ...; }[]; }'.
src/app/admin/sales/quotations/%5Bid%5D/page.tsx(190,57): error TS2339: Property 'shippingProofPath' does not exist on type '{ id: string; quotationNo: string; email: string; phone: string; userId: string | null; customerId: string | null; status: string; totalAmount: number; notes: string | null; adminNotes: string | null; ... 6 more ...; items: { ...; }[]; }'.
src/app/admin/sales/quotations/%5Bid%5D/page.tsx(191,19): error TS2339: Property 'trackingNumber' does not exist on type '{ id: string; quotationNo: string; email: string; phone: string; userId: string | null; customerId: string | null; status: string; totalAmount: number; notes: string | null; adminNotes: string | null; ... 6 more ...; items: { ...; }[]; }'.
src/app/admin/sales/quotations/%5Bid%5D/page.tsx(191,55): error TS2339: Property 'trackingNumber' does not exist on type '{ id: string; quotationNo: string; email: string; phone: string; userId: string | null; customerId: string | null; status: string; totalAmount: number; notes: string | null; adminNotes: string | null; ... 6 more ...; items: { ...; }[]; }'.
src/app/admin/sales/quotations/%5Bid%5D/page.tsx(192,19): error TS2339: Property 'shippingNotes' does not exist on type '{ id: string; quotationNo: string; email: string; phone: string; userId: string | null; customerId: string | null; status: string; totalAmount: number; notes: string | null; adminNotes: string | null; ... 6 more ...; items: { ...; }[]; }'.
src/app/admin/sales/quotations/%5Bid%5D/page.tsx(192,58): error TS2339: Property 'shippingNotes' does not exist on type '{ id: string; quotationNo: string; email: string; phone: string; userId: string | null; customerId: string | null; status: string; totalAmount: number; notes: string | null; adminNotes: string | null; ... 6 more ...; items: { ...; }[]; }'.
src/app/admin/sales/quotations/%5Bid%5D/page.tsx(193,19): error TS2339: Property 'taxInvoiceUrl' does not exist on type '{ id: string; quotationNo: string; email: string; phone: string; userId: string | null; customerId: string | null; status: string; totalAmount: number; notes: string | null; adminNotes: string | null; ... 6 more ...; items: { ...; }[]; }'.
src/app/admin/sales/quotations/%5Bid%5D/page.tsx(193,49): error TS2339: Property 'taxInvoiceUrl' does not exist on type '{ id: string; quotationNo: string; email: string; phone: string; userId: string | null; customerId: string | null; status: string; totalAmount: number; notes: string | null; adminNotes: string | null; ... 6 more ...; items: { ...; }[]; }'.
src/app/admin/sales/quotations/%5Bid%5D/page.tsx(776,92): error TS2345: Argument of type 'number' is not assignable to parameter of type 'string'.
src/app/admin/sales/quotations/%5Bid%5D/page.tsx(869,104): error TS2345: Argument of type 'number' is not assignable to parameter of type 'string'.
src/app/admin/sales/quotations/page.tsx(191,47): error TS2339: Property 'totalPages' does not exist on type '{ total: number; pages: number; currentPage: number; }'.
src/app/admin/settings/discounts/page.tsx(88,29): error TS2322: Type '{ key: string; groupKey: string; groupLabel: string; defaultDesc: string; initialData: { id: string; updatedAt: Date; description: string | null; categoryGroup: string; stockDiscount: string; indentDiscount: string; } | undefined; accent: { ...; }; }' is not assignable to type 'IntrinsicAttributes & DiscountRuleFormProps'.
  Property 'accent' does not exist on type 'IntrinsicAttributes & DiscountRuleFormProps'.
src/app/api/admin/roles/permissions/route.ts(15,42): error TS2561: Object literal may only specify known properties, but 'permission' does not exist in type 'RolePermissionOrderByWithRelationInput'. Did you mean to write 'permissions'?
src/app/api/admin/roles/permissions/route.ts(24,46): error TS2551: Property 'permission' does not exist on type '{ id: string; updatedAt: Date; role: string; permissions: JsonValue; }'. Did you mean 'permissions'?
src/app/dashboard/alamat/page.tsx(161,29): error TS2339: Property 'error' does not exist on type '{ success: boolean; addresses: { id: string; phone: string | null; address: string; createdAt: Date; updatedAt: Date; customerId: string; label: string | null; recipient: string | null; isPrimary: boolean; }[]; }'.
src/app/dashboard/alamat/page.tsx(191,50): error TS2345: Argument of type '{ address: string; provinceId: string; provinceName: string; regencyId: string; regencyName: string; districtId: string; districtName: string; label: string; recipient: string; phone: string; street: string; ... 4 more ...; isPrimary: boolean; }' is not assignable to parameter of type 'FormData'.
  Type '{ address: string; provinceId: string; provinceName: string; regencyId: string; regencyName: string; districtId: string; districtName: string; label: string; recipient: string; phone: string; street: string; ... 4 more ...; isPrimary: boolean; }' is missing the following properties from type 'FormData': append, delete, get, getAll, and 7 more.
src/app/dashboard/alamat/page.tsx(192,36): error TS2345: Argument of type '{ address: string; provinceId: string; provinceName: string; regencyId: string; regencyName: string; districtId: string; districtName: string; label: string; recipient: string; phone: string; street: string; ... 4 more ...; isPrimary: boolean; }' is not assignable to parameter of type 'FormData'.
  Type '{ address: string; provinceId: string; provinceName: string; regencyId: string; regencyName: string; districtId: string; districtName: string; label: string; recipient: string; phone: string; street: string; ... 4 more ...; isPrimary: boolean; }' is missing the following properties from type 'FormData': append, delete, get, getAll, and 7 more.
src/app/dashboard/transaksi/%5Bid%5D/page.tsx(159,34): error TS2339: Property 'userPoPath' does not exist on type '{ id: string; quotationNo: string; email: string; phone: string; userId: string | null; customerId: string | null; status: string; totalAmount: number; notes: string | null; adminNotes: string | null; ... 6 more ...; items: { ...; }[]; }'.
src/app/dashboard/transaksi/%5Bid%5D/page.tsx(159,73): error TS2339: Property 'userPoPath' does not exist on type '{ id: string; quotationNo: string; email: string; phone: string; userId: string | null; customerId: string | null; status: string; totalAmount: number; notes: string | null; adminNotes: string | null; ... 6 more ...; items: { ...; }[]; }'.
src/app/dashboard/transaksi/%5Bid%5D/page.tsx(160,56): error TS2551: Property 'specialDiscountRequest' does not exist on type '{ id: string; quotationNo: string; email: string; phone: string; userId: string | null; customerId: string | null; status: string; totalAmount: number; notes: string | null; adminNotes: string | null; ... 6 more ...; items: { ...; }[]; }'. Did you mean 'specialDiscount'?
src/app/dashboard/transaksi/%5Bid%5D/page.tsx(161,34): error TS2551: Property 'specialDiscountNote' does not exist on type '{ id: string; quotationNo: string; email: string; phone: string; userId: string | null; customerId: string | null; status: string; totalAmount: number; notes: string | null; adminNotes: string | null; ... 6 more ...; items: { ...; }[]; }'. Did you mean 'specialDiscount'?
src/app/dashboard/transaksi/%5Bid%5D/page.tsx(161,95): error TS2551: Property 'specialDiscountNote' does not exist on type '{ id: string; quotationNo: string; email: string; phone: string; userId: string | null; customerId: string | null; status: string; totalAmount: number; notes: string | null; adminNotes: string | null; ... 6 more ...; items: { ...; }[]; }'. Did you mean 'specialDiscount'?
src/app/dashboard/transaksi/%5Bid%5D/page.tsx(226,42): error TS2345: Argument of type '{ label: string; address: string; recipient: string; phone: string; }' is not assignable to parameter of type 'FormData'.
  Type '{ label: string; address: string; recipient: string; phone: string; }' is missing the following properties from type 'FormData': append, delete, get, getAll, and 7 more.
src/app/dashboard/transaksi/%5Bid%5D/page.tsx(227,32): error TS2339: Property 'address' does not exist on type '{ success: boolean; error?: undefined; }'.
src/app/dashboard/transaksi/%5Bid%5D/page.tsx(231,43): error TS2339: Property 'address' does not exist on type '{ success: boolean; error?: undefined; }'.
src/app/dashboard/transaksi/[id]/page.tsx(159,34): error TS2339: Property 'userPoPath' does not exist on type '{ id: string; quotationNo: string; email: string; phone: string; userId: string | null; customerId: string | null; status: string; totalAmount: number; notes: string | null; adminNotes: string | null; ... 6 more ...; items: { ...; }[]; }'.
src/app/dashboard/transaksi/[id]/page.tsx(159,73): error TS2339: Property 'userPoPath' does not exist on type '{ id: string; quotationNo: string; email: string; phone: string; userId: string | null; customerId: string | null; status: string; totalAmount: number; notes: string | null; adminNotes: string | null; ... 6 more ...; items: { ...; }[]; }'.
src/app/dashboard/transaksi/[id]/page.tsx(160,56): error TS2551: Property 'specialDiscountRequest' does not exist on type '{ id: string; quotationNo: string; email: string; phone: string; userId: string | null; customerId: string | null; status: string; totalAmount: number; notes: string | null; adminNotes: string | null; ... 6 more ...; items: { ...; }[]; }'. Did you mean 'specialDiscount'?
src/app/dashboard/transaksi/[id]/page.tsx(161,34): error TS2551: Property 'specialDiscountNote' does not exist on type '{ id: string; quotationNo: string; email: string; phone: string; userId: string | null; customerId: string | null; status: string; totalAmount: number; notes: string | null; adminNotes: string | null; ... 6 more ...; items: { ...; }[]; }'. Did you mean 'specialDiscount'?
src/app/dashboard/transaksi/[id]/page.tsx(161,95): error TS2551: Property 'specialDiscountNote' does not exist on type '{ id: string; quotationNo: string; email: string; phone: string; userId: string | null; customerId: string | null; status: string; totalAmount: number; notes: string | null; adminNotes: string | null; ... 6 more ...; items: { ...; }[]; }'. Did you mean 'specialDiscount'?
src/app/dashboard/transaksi/[id]/page.tsx(226,42): error TS2345: Argument of type '{ label: string; address: string; recipient: string; phone: string; }' is not assignable to parameter of type 'FormData'.
  Type '{ label: string; address: string; recipient: string; phone: string; }' is missing the following properties from type 'FormData': append, delete, get, getAll, and 7 more.
src/app/dashboard/transaksi/[id]/page.tsx(227,32): error TS2339: Property 'address' does not exist on type '{ success: boolean; error?: undefined; }'.
src/app/dashboard/transaksi/[id]/page.tsx(231,43): error TS2339: Property 'address' does not exist on type '{ success: boolean; error?: undefined; }'.
src/app/dashboard/transaksi/page.tsx(128,24): error TS2339: Property 'userType' does not exist on type '{ success: boolean; error: string; quotations: never[]; } | { success: boolean; quotations: { id: string; quotationNo: string; status: string; totalAmount: number; notes: string | null; adminNotes: string | null; ... 11 more ...; items: { ...; }[]; }[]; error?: undefined; }'.
  Property 'userType' does not exist on type '{ success: boolean; error: string; quotations: never[]; }'.
src/app/dashboard/transaksi/page.tsx(129,36): error TS2339: Property 'userType' does not exist on type '{ success: boolean; error: string; quotations: never[]; } | { success: boolean; quotations: { id: string; quotationNo: string; status: string; totalAmount: number; notes: string | null; adminNotes: string | null; ... 11 more ...; items: { ...; }[]; }[]; error?: undefined; }'.
  Property 'userType' does not exist on type '{ success: boolean; error: string; quotations: never[]; }'.
src/app/dashboard/transaksi/page.tsx(130,57): error TS2339: Property 'userType' does not exist on type '{ success: boolean; error: string; quotations: never[]; } | { success: boolean; quotations: { id: string; quotationNo: string; status: string; totalAmount: number; notes: string | null; adminNotes: string | null; ... 11 more ...; items: { ...; }[]; }[]; error?: undefined; }'.
  Property 'userType' does not exist on type '{ success: boolean; error: string; quotations: never[]; }'.
src/app/dashboard/upgrade/page.tsx(69,17): error TS2322: Type '"RESELLER"' is not assignable to type '"RETAIL" | "EXCLUSIVE"'.
src/app/keranjang/layout.tsx(22,27): error TS2322: Type '{ user: { id: any; email: any; name: any; } | null; }' is not assignable to type 'IntrinsicAttributes'.
  Property 'user' does not exist on type 'IntrinsicAttributes'.
src/app/produk/%5Bslug%5D/page.tsx(49,64): error TS2554: Expected 2 arguments, but got 4.
src/components/admin/CustomerCreateForm.tsx(335,52): error TS2345: Argument of type '{ type: CustomerType; name: string; email: string; phone: string; company: string | null; address: string; province: string; city: string; district: string; postalCode: string; users: { ...; }[]; }' is not assignable to parameter of type '{ type: "BISNIS" | "RETAIL"; name: string; email: string; phone: string; company?: string | undefined; address?: string | undefined; }'.
  Types of property 'type' are incompatible.
    Type 'CustomerType' is not assignable to type '"BISNIS" | "RETAIL"'.
      Type '"CORPORATE"' is not assignable to type '"BISNIS" | "RETAIL"'.
src/components/admin/ProductActionGroups.tsx(167,17): error TS2322: Type '{ open: boolean; onOpenChange: Dispatch<SetStateAction<boolean>>; }' is not assignable to type 'IntrinsicAttributes'.
  Property 'open' does not exist on type 'IntrinsicAttributes'.
src/components/admin/ProductActionGroups.tsx(171,17): error TS2322: Type '{ open: boolean; onOpenChange: Dispatch<SetStateAction<boolean>>; }' is not assignable to type 'IntrinsicAttributes'.
  Property 'open' does not exist on type 'IntrinsicAttributes'.
src/components/public/GuestCheckoutModal.tsx(153,69): error TS2345: Argument of type '"PENDING"' is not assignable to parameter of type '"OFFERED" | "DRAFT" | undefined'.
src/components/public/GuestCheckoutModal.tsx(159,21): error TS2353: Object literal may only specify known properties, and 'address' does not exist in type 'FormData'.
src/hooks/useNotifications.ts(42,55): error TS2554: Expected 0 arguments, but got 2.
src/hooks/useNotifications.ts(49,33): error TS2339: Property 'total' does not exist on type '{ success: boolean; error: string; notifications: never[]; } | { success: boolean; notifications: { id: string; createdAt: Date; updatedAt: Date; type: string; userId: string; link: string | null; title: string; message: string; read: boolean; }[]; error?: undefined; }'.
  Property 'total' does not exist on type '{ success: boolean; error: string; notifications: never[]; }'.
src/lib/rbac.ts(250,9): error TS2561: Object literal may only specify known properties, but 'role_permission' does not exist in type 'RolePermissionWhereUniqueInput'. Did you mean to write 'permissions'?
