.next/dev/types/validator.ts(909,31): error TS2344: Type 'typeof import("/Users/davidtheo/Documents/Workspace/Hokiindo/hsop/src/app/api/pdf/%5Btype%5D/%5Bid%5D/route")' does not satisfy the constraint 'RouteHandlerConfig<"/api/pdf/%5Btype%5D/%5Bid%5D">'.
  Types of property 'GET' are incompatible.
    Type '(req: NextRequest, { params }: { params: Promise<{ type: string; id: string; }>; }) => Promise<NextResponse<unknown>>' is not assignable to type '(request: NextRequest, context: { params: Promise<{}>; }) => void | Response | Promise<void | Response>'.
      Types of parameters '__1' and 'context' are incompatible.
        Type '{ params: Promise<{}>; }' is not assignable to type '{ params: Promise<{ type: string; id: string; }>; }'.
          Types of property 'params' are incompatible.
            Type 'Promise<{}>' is not assignable to type 'Promise<{ type: string; id: string; }>'.
              Type '{}' is missing the following properties from type '{ type: string; id: string; }': type, id
.next/types/validator.ts(909,31): error TS2344: Type 'typeof import("/Users/davidtheo/Documents/Workspace/Hokiindo/hsop/src/app/api/pdf/%5Btype%5D/%5Bid%5D/route")' does not satisfy the constraint 'RouteHandlerConfig<"/api/pdf/%5Btype%5D/%5Bid%5D">'.
  Types of property 'GET' are incompatible.
    Type '(req: NextRequest, { params }: { params: Promise<{ type: string; id: string; }>; }) => Promise<NextResponse<unknown>>' is not assignable to type '(request: NextRequest, context: { params: Promise<{}>; }) => void | Response | Promise<void | Response>'.
      Types of parameters '__1' and 'context' are incompatible.
        Type '{ params: Promise<{}>; }' is not assignable to type '{ params: Promise<{ type: string; id: string; }>; }'.
          Types of property 'params' are incompatible.
            Type 'Promise<{}>' is not assignable to type 'Promise<{ type: string; id: string; }>'.
              Type '{}' is missing the following properties from type '{ type: string; id: string; }': type, id
prisma.config.ts(4,30): error TS2307: Cannot find module 'prisma/config' or its corresponding type declarations.
src/app/actions/rfq-flow.ts(319,17): error TS2353: Object literal may only specify known properties, and 'returnStatus' does not exist in type '(Without<SalesQuotationUpdateInput, SalesQuotationUncheckedUpdateInput> & SalesQuotationUncheckedUpdateInput) | (Without<...> & SalesQuotationUpdateInput)'.
src/app/admin/customers/[id]/page.tsx(72,25): error TS2741: Property 'users' is missing in type '{ id: string; name: string; email: string | null; phone: string | null; address: string | null; businessCategory: string | null; type: string; image: string | null; addresses: { id: string; ... 7 more ...; updatedAt: Date; }[]; company: string | null; }' but required in type '{ id: string; email: string | null; phone: string | null; address: string | null; businessCategory: string | null; type: string; addresses: any[]; name: string; company: string | null; image: string | null; users: { ...; }[]; }'.
src/app/admin/sales/quotations/%5Bid%5D/page.tsx(776,92): error TS2345: Argument of type 'number' is not assignable to parameter of type 'string'.
src/app/admin/sales/quotations/%5Bid%5D/page.tsx(869,104): error TS2345: Argument of type 'number' is not assignable to parameter of type 'string'.
src/app/admin/sales/quotations/page.tsx(191,47): error TS2339: Property 'totalPages' does not exist on type '{ total: number; pages: number; currentPage: number; }'.
src/app/dashboard/transaksi/%5Bid%5D/page.tsx(226,42): error TS2345: Argument of type '{ label: string; address: string; recipient: string; phone: string; }' is not assignable to parameter of type 'FormData'.
  Type '{ label: string; address: string; recipient: string; phone: string; }' is missing the following properties from type 'FormData': append, delete, get, getAll, and 7 more.
src/app/dashboard/transaksi/%5Bid%5D/page.tsx(227,32): error TS2339: Property 'address' does not exist on type '{ success: boolean; error?: undefined; }'.
src/app/dashboard/transaksi/%5Bid%5D/page.tsx(231,43): error TS2339: Property 'address' does not exist on type '{ success: boolean; error?: undefined; }'.
src/app/dashboard/transaksi/[id]/page.tsx(226,42): error TS2345: Argument of type '{ label: string; address: string; recipient: string; phone: string; }' is not assignable to parameter of type 'FormData'.
  Type '{ label: string; address: string; recipient: string; phone: string; }' is missing the following properties from type 'FormData': append, delete, get, getAll, and 7 more.
src/app/dashboard/transaksi/[id]/page.tsx(227,32): error TS2339: Property 'address' does not exist on type '{ success: boolean; error?: undefined; }'.
src/app/dashboard/transaksi/[id]/page.tsx(231,43): error TS2339: Property 'address' does not exist on type '{ success: boolean; error?: undefined; }'.
src/app/dashboard/transaksi/page.tsx(128,24): error TS2339: Property 'userType' does not exist on type '{ success: boolean; error: string; quotations: never[]; } | { success: boolean; quotations: { offeredAt: string | null; confirmedAt: string | null; shippedAt: string | null; completedAt: string | null; ... 49 more ...; returnReason: string | null; }[]; error?: undefined; }'.
  Property 'userType' does not exist on type '{ success: boolean; error: string; quotations: never[]; }'.
src/app/dashboard/transaksi/page.tsx(129,36): error TS2339: Property 'userType' does not exist on type '{ success: boolean; error: string; quotations: never[]; } | { success: boolean; quotations: { offeredAt: string | null; confirmedAt: string | null; shippedAt: string | null; completedAt: string | null; ... 49 more ...; returnReason: string | null; }[]; error?: undefined; }'.
  Property 'userType' does not exist on type '{ success: boolean; error: string; quotations: never[]; }'.
src/app/dashboard/transaksi/page.tsx(130,57): error TS2339: Property 'userType' does not exist on type '{ success: boolean; error: string; quotations: never[]; } | { success: boolean; quotations: { offeredAt: string | null; confirmedAt: string | null; shippedAt: string | null; completedAt: string | null; ... 49 more ...; returnReason: string | null; }[]; error?: undefined; }'.
  Property 'userType' does not exist on type '{ success: boolean; error: string; quotations: never[]; }'.
src/app/keranjang/layout.tsx(22,27): error TS2322: Type '{ user: { id: any; email: any; name: any; } | null; }' is not assignable to type 'IntrinsicAttributes'.
  Property 'user' does not exist on type 'IntrinsicAttributes'.
src/app/produk/%5Bslug%5D/page.tsx(49,64): error TS2554: Expected 2 arguments, but got 4.
src/components/admin/ProductActionGroups.tsx(167,17): error TS2322: Type '{ open: boolean; onOpenChange: Dispatch<SetStateAction<boolean>>; }' is not assignable to type 'IntrinsicAttributes'.
  Property 'open' does not exist on type 'IntrinsicAttributes'.
src/components/admin/ProductActionGroups.tsx(171,17): error TS2322: Type '{ open: boolean; onOpenChange: Dispatch<SetStateAction<boolean>>; }' is not assignable to type 'IntrinsicAttributes'.
  Property 'open' does not exist on type 'IntrinsicAttributes'.
src/components/public/GuestCheckoutModal.tsx(153,69): error TS2345: Argument of type '"PENDING"' is not assignable to parameter of type '"OFFERED" | "DRAFT" | undefined'.
src/components/public/GuestCheckoutModal.tsx(159,21): error TS2353: Object literal may only specify known properties, and 'address' does not exist in type 'FormData'.
