.next/dev/types/validator.ts(909,31): error TS2344: Type 'typeof import("/Users/davidtheo/Documents/Workspace/Hokiindo/hsop/src/app/api/pdf/%5Btype%5D/%5Bid%5D/route")' does not satisfy the constraint 'RouteHandlerConfig<"/api/pdf/%5Btype%5D/%5Bid%5D">'.
  Types of property 'GET' are incompatible.
    Type '(req: NextRequest, { params }: { params: Promise<{ type: string; id: string; }>; }) => Promise<NextResponse<unknown>>' is not assignable to type '(request: NextRequest, context: { params: Promise<{}>; }) => void | Response | Promise<void | Response>'.
      Types of parameters '__1' and 'context' are incompatible.
        Type '{ params: Promise<{}>; }' is not assignable to type '{ params: Promise<{ type: string; id: string; }>; }'.
          Types of property 'params' are incompatible.
            Type 'Promise<{}>' is not assignable to type 'Promise<{ type: string; id: string; }>'.
              Type '{}' is missing the following properties from type '{ type: string; id: string; }': type, id
.next/types/validator.ts(909,31): error TS2344: Type 'typeof import("/Users/davidtheo/Documents/Workspace/Hokiindo/hsop/src/app/api/pdf/%5Btype%5D/%5Bid%5D/route")' does not satisfy the constraint 'RouteHandlerConfig<"/api/pdf/%5Btype%5D/%5Bid%5D">'.
  Types of property 'GET' are incompatible.
    Type '(req: NextRequest, { params }: { params: Promise<{ type: string; id: string; }>; }) => Promise<NextResponse<unknown>>' is not assignable to type '(request: NextRequest, context: { params: Promise<{}>; }) => void | Response | Promise<void | Response>'.
      Types of parameters '__1' and 'context' are incompatible.
        Type '{ params: Promise<{}>; }' is not assignable to type '{ params: Promise<{ type: string; id: string; }>; }'.
          Types of property 'params' are incompatible.
            Type 'Promise<{}>' is not assignable to type 'Promise<{ type: string; id: string; }>'.
              Type '{}' is missing the following properties from type '{ type: string; id: string; }': type, id
prisma.config.ts(4,30): error TS2307: Cannot find module 'prisma/config' or its corresponding type declarations.
src/app/actions/rfq-flow.ts(319,17): error TS2353: Object literal may only specify known properties, and 'returnStatus' does not exist in type '(Without<SalesQuotationUpdateInput, SalesQuotationUncheckedUpdateInput> & SalesQuotationUncheckedUpdateInput) | (Without<...> & SalesQuotationUpdateInput)'.
src/app/admin/products/page.tsx(171,22): error TS2739: Type '{}' is missing the following properties from type 'ProductImageImporterProps': open, onOpenChange
src/app/admin/products/page.tsx(172,22): error TS2739: Type '{}' is missing the following properties from type 'ProductDescriptionImporterProps': open, onOpenChange
src/app/admin/sales/quotations/%5Bid%5D/page.tsx(776,92): error TS2345: Argument of type 'number' is not assignable to parameter of type 'string'.
src/app/admin/sales/quotations/%5Bid%5D/page.tsx(869,104): error TS2345: Argument of type 'number' is not assignable to parameter of type 'string'.
src/app/admin/sales/quotations/page.tsx(191,47): error TS2339: Property 'totalPages' does not exist on type '{ total: number; pages: number; currentPage: number; }'.
src/app/dashboard/transaksi/%5Bid%5D/page.tsx(226,42): error TS2345: Argument of type '{ label: string; address: string; recipient: string; phone: string; }' is not assignable to parameter of type 'FormData'.
  Type '{ label: string; address: string; recipient: string; phone: string; }' is missing the following properties from type 'FormData': append, delete, get, getAll, and 7 more.
src/app/produk/%5Bslug%5D/page.tsx(49,64): error TS2554: Expected 2 arguments, but got 4.
src/components/public/GuestCheckoutModal.tsx(159,21): error TS2353: Object literal may only specify known properties, and 'address' does not exist in type 'FormData'.
